{"/Users/lucamezzalira/Documents/Haxe/haxe-watchify/spec/models/ConfigurationModel-spec.js":{"path":"/Users/lucamezzalira/Documents/Haxe/haxe-watchify/spec/models/ConfigurationModel-spec.js","s":{"1":1,"2":1,"3":1,"4":35,"5":1,"6":35,"7":1,"8":1,"9":1,"10":1,"11":1,"12":1,"13":1,"14":1,"15":1,"16":1,"17":1,"18":1,"19":1,"20":1,"21":1,"22":1,"23":1,"24":1,"25":1,"26":1,"27":1,"28":1,"29":1,"30":1,"31":1,"32":1,"33":1,"34":1,"35":1,"36":1,"37":1,"38":1,"39":1,"40":1,"41":1,"42":1,"43":1,"44":1,"45":1,"46":1,"47":1,"48":1,"49":1,"50":1,"51":1,"52":1,"53":1,"54":1,"55":1,"56":1,"57":1,"58":1,"59":1,"60":1,"61":1,"62":1,"63":1,"64":1,"65":1,"66":1,"67":1,"68":1,"69":1,"70":1,"71":1,"72":1,"73":1,"74":1,"75":1,"76":1,"77":1,"78":1,"79":1,"80":1,"81":1,"82":1,"83":1,"84":1,"85":1,"86":1,"87":1,"88":1,"89":1,"90":1,"91":1,"92":1,"93":1,"94":1,"95":1,"96":1,"97":1,"98":1,"99":1,"100":1,"101":1,"102":1,"103":1,"104":1,"105":1,"106":1,"107":1,"108":1,"109":1,"110":1,"111":1,"112":1,"113":1,"114":1,"115":1,"116":1,"117":1,"118":1,"119":1,"120":1,"121":1,"122":1,"123":1,"124":1,"125":1,"126":1,"127":1,"128":1,"129":1,"130":1,"131":1,"132":1,"133":1,"134":1,"135":1,"136":1,"137":1,"138":1,"139":1,"140":1},"b":{},"f":{"1":1,"2":35,"3":35,"4":1,"5":1,"6":1,"7":1,"8":1,"9":1,"10":1,"11":1,"12":1,"13":1,"14":1,"15":1,"16":1,"17":1,"18":1,"19":1,"20":1,"21":1,"22":1,"23":1,"24":1,"25":1,"26":1,"27":1,"28":1,"29":1,"30":1,"31":1,"32":1,"33":1,"34":1,"35":1,"36":1,"37":1,"38":1,"39":1,"40":1,"41":1,"42":1,"43":1,"44":1,"45":1,"46":1,"47":1,"48":1,"49":1,"50":1,"51":1,"52":1,"53":1},"fnMap":{"1":{"name":"(anonymous_1)","line":3,"loc":{"start":{"line":3,"column":41},"end":{"line":3,"column":51}}},"2":{"name":"(anonymous_2)","line":5,"loc":{"start":{"line":5,"column":13},"end":{"line":5,"column":23}}},"3":{"name":"(anonymous_3)","line":9,"loc":{"start":{"line":9,"column":12},"end":{"line":9,"column":22}}},"4":{"name":"(anonymous_4)","line":13,"loc":{"start":{"line":13,"column":39},"end":{"line":13,"column":49}}},"5":{"name":"(anonymous_5)","line":15,"loc":{"start":{"line":15,"column":36},"end":{"line":15,"column":46}}},"6":{"name":"(anonymous_6)","line":19,"loc":{"start":{"line":19,"column":39},"end":{"line":19,"column":49}}},"7":{"name":"(anonymous_7)","line":23,"loc":{"start":{"line":23,"column":47},"end":{"line":23,"column":57}}},"8":{"name":"(anonymous_8)","line":27,"loc":{"start":{"line":27,"column":39},"end":{"line":27,"column":49}}},"9":{"name":"(anonymous_9)","line":31,"loc":{"start":{"line":31,"column":45},"end":{"line":31,"column":55}}},"10":{"name":"(anonymous_10)","line":35,"loc":{"start":{"line":35,"column":39},"end":{"line":35,"column":49}}},"11":{"name":"(anonymous_11)","line":39,"loc":{"start":{"line":39,"column":38},"end":{"line":39,"column":48}}},"12":{"name":"(anonymous_12)","line":43,"loc":{"start":{"line":43,"column":42},"end":{"line":43,"column":52}}},"13":{"name":"(anonymous_13)","line":47,"loc":{"start":{"line":47,"column":44},"end":{"line":47,"column":54}}},"14":{"name":"(anonymous_14)","line":51,"loc":{"start":{"line":51,"column":44},"end":{"line":51,"column":54}}},"15":{"name":"(anonymous_15)","line":55,"loc":{"start":{"line":55,"column":49},"end":{"line":55,"column":59}}},"16":{"name":"(anonymous_16)","line":59,"loc":{"start":{"line":59,"column":42},"end":{"line":59,"column":52}}},"17":{"name":"(anonymous_17)","line":64,"loc":{"start":{"line":64,"column":34},"end":{"line":64,"column":44}}},"18":{"name":"(anonymous_18)","line":66,"loc":{"start":{"line":66,"column":55},"end":{"line":66,"column":65}}},"19":{"name":"(anonymous_19)","line":68,"loc":{"start":{"line":68,"column":24},"end":{"line":68,"column":34}}},"20":{"name":"(anonymous_20)","line":74,"loc":{"start":{"line":74,"column":80},"end":{"line":74,"column":90}}},"21":{"name":"(anonymous_21)","line":76,"loc":{"start":{"line":76,"column":24},"end":{"line":76,"column":34}}},"22":{"name":"(anonymous_22)","line":82,"loc":{"start":{"line":82,"column":109},"end":{"line":82,"column":119}}},"23":{"name":"(anonymous_23)","line":84,"loc":{"start":{"line":84,"column":24},"end":{"line":84,"column":34}}},"24":{"name":"(anonymous_24)","line":90,"loc":{"start":{"line":90,"column":92},"end":{"line":90,"column":102}}},"25":{"name":"(anonymous_25)","line":92,"loc":{"start":{"line":92,"column":24},"end":{"line":92,"column":34}}},"26":{"name":"(anonymous_26)","line":100,"loc":{"start":{"line":100,"column":42},"end":{"line":100,"column":52}}},"27":{"name":"(anonymous_27)","line":102,"loc":{"start":{"line":102,"column":70},"end":{"line":102,"column":80}}},"28":{"name":"(anonymous_28)","line":113,"loc":{"start":{"line":113,"column":53},"end":{"line":113,"column":63}}},"29":{"name":"(anonymous_29)","line":122,"loc":{"start":{"line":122,"column":34},"end":{"line":122,"column":44}}},"30":{"name":"(anonymous_30)","line":124,"loc":{"start":{"line":124,"column":76},"end":{"line":124,"column":86}}},"31":{"name":"(anonymous_31)","line":135,"loc":{"start":{"line":135,"column":83},"end":{"line":135,"column":93}}},"32":{"name":"(anonymous_32)","line":148,"loc":{"start":{"line":148,"column":40},"end":{"line":148,"column":50}}},"33":{"name":"(anonymous_33)","line":150,"loc":{"start":{"line":150,"column":84},"end":{"line":150,"column":94}}},"34":{"name":"(anonymous_34)","line":164,"loc":{"start":{"line":164,"column":64},"end":{"line":164,"column":74}}},"35":{"name":"(anonymous_35)","line":174,"loc":{"start":{"line":174,"column":34},"end":{"line":174,"column":44}}},"36":{"name":"(anonymous_36)","line":176,"loc":{"start":{"line":176,"column":78},"end":{"line":176,"column":88}}},"37":{"name":"(anonymous_37)","line":187,"loc":{"start":{"line":187,"column":60},"end":{"line":187,"column":70}}},"38":{"name":"(anonymous_38)","line":198,"loc":{"start":{"line":198,"column":37},"end":{"line":198,"column":47}}},"39":{"name":"(anonymous_39)","line":200,"loc":{"start":{"line":200,"column":74},"end":{"line":200,"column":84}}},"40":{"name":"(anonymous_40)","line":211,"loc":{"start":{"line":211,"column":76},"end":{"line":211,"column":86}}},"41":{"name":"(anonymous_41)","line":222,"loc":{"start":{"line":222,"column":39},"end":{"line":222,"column":49}}},"42":{"name":"(anonymous_42)","line":224,"loc":{"start":{"line":224,"column":74},"end":{"line":224,"column":84}}},"43":{"name":"(anonymous_43)","line":237,"loc":{"start":{"line":237,"column":64},"end":{"line":237,"column":74}}},"44":{"name":"(anonymous_44)","line":247,"loc":{"start":{"line":247,"column":39},"end":{"line":247,"column":49}}},"45":{"name":"(anonymous_45)","line":249,"loc":{"start":{"line":249,"column":76},"end":{"line":249,"column":86}}},"46":{"name":"(anonymous_46)","line":260,"loc":{"start":{"line":260,"column":71},"end":{"line":260,"column":81}}},"47":{"name":"(anonymous_47)","line":270,"loc":{"start":{"line":270,"column":89},"end":{"line":270,"column":99}}},"48":{"name":"(anonymous_48)","line":284,"loc":{"start":{"line":284,"column":44},"end":{"line":284,"column":54}}},"49":{"name":"(anonymous_49)","line":286,"loc":{"start":{"line":286,"column":94},"end":{"line":286,"column":104}}},"50":{"name":"(anonymous_50)","line":298,"loc":{"start":{"line":298,"column":69},"end":{"line":298,"column":79}}},"51":{"name":"(anonymous_51)","line":308,"loc":{"start":{"line":308,"column":37},"end":{"line":308,"column":47}}},"52":{"name":"(anonymous_52)","line":310,"loc":{"start":{"line":310,"column":81},"end":{"line":310,"column":91}}},"53":{"name":"(anonymous_53)","line":322,"loc":{"start":{"line":322,"column":69},"end":{"line":322,"column":79}}}},"statementMap":{"1":{"start":{"line":1,"column":0},"end":{"line":1,"column":72}},"2":{"start":{"line":3,"column":0},"end":{"line":333,"column":2}},"3":{"start":{"line":5,"column":2},"end":{"line":7,"column":5}},"4":{"start":{"line":6,"column":4},"end":{"line":6,"column":42}},"5":{"start":{"line":9,"column":2},"end":{"line":11,"column":5}},"6":{"start":{"line":10,"column":4},"end":{"line":10,"column":22}},"7":{"start":{"line":13,"column":2},"end":{"line":62,"column":5}},"8":{"start":{"line":15,"column":4},"end":{"line":17,"column":7}},"9":{"start":{"line":16,"column":6},"end":{"line":16,"column":39}},"10":{"start":{"line":19,"column":4},"end":{"line":21,"column":7}},"11":{"start":{"line":20,"column":6},"end":{"line":20,"column":64}},"12":{"start":{"line":23,"column":4},"end":{"line":25,"column":7}},"13":{"start":{"line":24,"column":6},"end":{"line":24,"column":72}},"14":{"start":{"line":27,"column":4},"end":{"line":29,"column":7}},"15":{"start":{"line":28,"column":6},"end":{"line":28,"column":64}},"16":{"start":{"line":31,"column":4},"end":{"line":33,"column":7}},"17":{"start":{"line":32,"column":6},"end":{"line":32,"column":70}},"18":{"start":{"line":35,"column":4},"end":{"line":37,"column":7}},"19":{"start":{"line":36,"column":6},"end":{"line":36,"column":64}},"20":{"start":{"line":39,"column":4},"end":{"line":41,"column":7}},"21":{"start":{"line":40,"column":6},"end":{"line":40,"column":63}},"22":{"start":{"line":43,"column":4},"end":{"line":45,"column":7}},"23":{"start":{"line":44,"column":6},"end":{"line":44,"column":67}},"24":{"start":{"line":47,"column":4},"end":{"line":49,"column":7}},"25":{"start":{"line":48,"column":6},"end":{"line":48,"column":69}},"26":{"start":{"line":51,"column":4},"end":{"line":53,"column":7}},"27":{"start":{"line":52,"column":6},"end":{"line":52,"column":69}},"28":{"start":{"line":55,"column":4},"end":{"line":57,"column":7}},"29":{"start":{"line":56,"column":6},"end":{"line":56,"column":74}},"30":{"start":{"line":59,"column":4},"end":{"line":61,"column":7}},"31":{"start":{"line":60,"column":6},"end":{"line":60,"column":67}},"32":{"start":{"line":64,"column":2},"end":{"line":98,"column":5}},"33":{"start":{"line":66,"column":4},"end":{"line":72,"column":7}},"34":{"start":{"line":67,"column":6},"end":{"line":67,"column":29}},"35":{"start":{"line":68,"column":6},"end":{"line":70,"column":8}},"36":{"start":{"line":69,"column":8},"end":{"line":69,"column":34}},"37":{"start":{"line":71,"column":6},"end":{"line":71,"column":40}},"38":{"start":{"line":74,"column":4},"end":{"line":80,"column":7}},"39":{"start":{"line":75,"column":6},"end":{"line":75,"column":29}},"40":{"start":{"line":76,"column":6},"end":{"line":78,"column":8}},"41":{"start":{"line":77,"column":8},"end":{"line":77,"column":25}},"42":{"start":{"line":79,"column":6},"end":{"line":79,"column":36}},"43":{"start":{"line":82,"column":4},"end":{"line":88,"column":7}},"44":{"start":{"line":83,"column":6},"end":{"line":83,"column":29}},"45":{"start":{"line":84,"column":6},"end":{"line":86,"column":8}},"46":{"start":{"line":85,"column":8},"end":{"line":85,"column":26}},"47":{"start":{"line":87,"column":6},"end":{"line":87,"column":36}},"48":{"start":{"line":90,"column":4},"end":{"line":97,"column":7}},"49":{"start":{"line":91,"column":6},"end":{"line":91,"column":29}},"50":{"start":{"line":92,"column":6},"end":{"line":94,"column":8}},"51":{"start":{"line":93,"column":8},"end":{"line":93,"column":35}},"52":{"start":{"line":96,"column":6},"end":{"line":96,"column":36}},"53":{"start":{"line":100,"column":2},"end":{"line":120,"column":5}},"54":{"start":{"line":102,"column":4},"end":{"line":111,"column":7}},"55":{"start":{"line":103,"column":6},"end":{"line":103,"column":36}},"56":{"start":{"line":104,"column":6},"end":{"line":108,"column":9}},"57":{"start":{"line":110,"column":6},"end":{"line":110,"column":67}},"58":{"start":{"line":113,"column":4},"end":{"line":119,"column":7}},"59":{"start":{"line":114,"column":6},"end":{"line":114,"column":36}},"60":{"start":{"line":115,"column":6},"end":{"line":117,"column":9}},"61":{"start":{"line":118,"column":6},"end":{"line":118,"column":68}},"62":{"start":{"line":122,"column":2},"end":{"line":146,"column":5}},"63":{"start":{"line":124,"column":4},"end":{"line":133,"column":7}},"64":{"start":{"line":125,"column":6},"end":{"line":125,"column":33}},"65":{"start":{"line":126,"column":6},"end":{"line":130,"column":9}},"66":{"start":{"line":132,"column":6},"end":{"line":132,"column":53}},"67":{"start":{"line":135,"column":4},"end":{"line":145,"column":7}},"68":{"start":{"line":136,"column":6},"end":{"line":136,"column":29}},"69":{"start":{"line":137,"column":6},"end":{"line":137,"column":32}},"70":{"start":{"line":138,"column":6},"end":{"line":142,"column":9}},"71":{"start":{"line":144,"column":6},"end":{"line":144,"column":43}},"72":{"start":{"line":148,"column":2},"end":{"line":172,"column":5}},"73":{"start":{"line":150,"column":4},"end":{"line":162,"column":7}},"74":{"start":{"line":151,"column":6},"end":{"line":154,"column":10}},"75":{"start":{"line":155,"column":6},"end":{"line":159,"column":9}},"76":{"start":{"line":161,"column":6},"end":{"line":161,"column":60}},"77":{"start":{"line":164,"column":4},"end":{"line":171,"column":7}},"78":{"start":{"line":165,"column":6},"end":{"line":168,"column":9}},"79":{"start":{"line":170,"column":6},"end":{"line":170,"column":57}},"80":{"start":{"line":174,"column":2},"end":{"line":196,"column":5}},"81":{"start":{"line":176,"column":4},"end":{"line":185,"column":7}},"82":{"start":{"line":177,"column":6},"end":{"line":177,"column":22}},"83":{"start":{"line":178,"column":6},"end":{"line":182,"column":9}},"84":{"start":{"line":184,"column":6},"end":{"line":184,"column":49}},"85":{"start":{"line":187,"column":4},"end":{"line":195,"column":7}},"86":{"start":{"line":188,"column":6},"end":{"line":188,"column":29}},"87":{"start":{"line":189,"column":6},"end":{"line":192,"column":9}},"88":{"start":{"line":194,"column":6},"end":{"line":194,"column":53}},"89":{"start":{"line":198,"column":2},"end":{"line":220,"column":5}},"90":{"start":{"line":200,"column":4},"end":{"line":209,"column":7}},"91":{"start":{"line":201,"column":6},"end":{"line":201,"column":29}},"92":{"start":{"line":202,"column":6},"end":{"line":206,"column":9}},"93":{"start":{"line":208,"column":6},"end":{"line":208,"column":55}},"94":{"start":{"line":211,"column":4},"end":{"line":219,"column":7}},"95":{"start":{"line":212,"column":6},"end":{"line":212,"column":34}},"96":{"start":{"line":213,"column":6},"end":{"line":216,"column":9}},"97":{"start":{"line":218,"column":6},"end":{"line":218,"column":59}},"98":{"start":{"line":222,"column":2},"end":{"line":245,"column":5}},"99":{"start":{"line":224,"column":4},"end":{"line":235,"column":7}},"100":{"start":{"line":225,"column":6},"end":{"line":225,"column":50}},"101":{"start":{"line":226,"column":6},"end":{"line":230,"column":9}},"102":{"start":{"line":232,"column":6},"end":{"line":232,"column":60}},"103":{"start":{"line":233,"column":6},"end":{"line":233,"column":58}},"104":{"start":{"line":234,"column":6},"end":{"line":234,"column":84}},"105":{"start":{"line":237,"column":4},"end":{"line":244,"column":7}},"106":{"start":{"line":238,"column":6},"end":{"line":241,"column":9}},"107":{"start":{"line":243,"column":6},"end":{"line":243,"column":52}},"108":{"start":{"line":247,"column":2},"end":{"line":282,"column":5}},"109":{"start":{"line":249,"column":4},"end":{"line":258,"column":7}},"110":{"start":{"line":250,"column":6},"end":{"line":250,"column":29}},"111":{"start":{"line":251,"column":6},"end":{"line":255,"column":9}},"112":{"start":{"line":257,"column":6},"end":{"line":257,"column":59}},"113":{"start":{"line":260,"column":4},"end":{"line":268,"column":7}},"114":{"start":{"line":261,"column":6},"end":{"line":261,"column":37}},"115":{"start":{"line":262,"column":6},"end":{"line":265,"column":9}},"116":{"start":{"line":267,"column":6},"end":{"line":267,"column":66}},"117":{"start":{"line":270,"column":4},"end":{"line":281,"column":7}},"118":{"start":{"line":271,"column":6},"end":{"line":271,"column":37}},"119":{"start":{"line":272,"column":6},"end":{"line":272,"column":29}},"120":{"start":{"line":273,"column":6},"end":{"line":278,"column":9}},"121":{"start":{"line":280,"column":6},"end":{"line":280,"column":66}},"122":{"start":{"line":284,"column":2},"end":{"line":306,"column":5}},"123":{"start":{"line":286,"column":4},"end":{"line":296,"column":7}},"124":{"start":{"line":287,"column":6},"end":{"line":287,"column":23}},"125":{"start":{"line":288,"column":6},"end":{"line":292,"column":9}},"126":{"start":{"line":294,"column":6},"end":{"line":294,"column":65}},"127":{"start":{"line":295,"column":6},"end":{"line":295,"column":59}},"128":{"start":{"line":298,"column":4},"end":{"line":305,"column":7}},"129":{"start":{"line":299,"column":6},"end":{"line":302,"column":9}},"130":{"start":{"line":304,"column":6},"end":{"line":304,"column":61}},"131":{"start":{"line":308,"column":2},"end":{"line":331,"column":5}},"132":{"start":{"line":310,"column":4},"end":{"line":320,"column":7}},"133":{"start":{"line":311,"column":6},"end":{"line":311,"column":22}},"134":{"start":{"line":312,"column":6},"end":{"line":316,"column":9}},"135":{"start":{"line":318,"column":6},"end":{"line":318,"column":58}},"136":{"start":{"line":319,"column":6},"end":{"line":319,"column":51}},"137":{"start":{"line":322,"column":4},"end":{"line":330,"column":7}},"138":{"start":{"line":323,"column":6},"end":{"line":323,"column":29}},"139":{"start":{"line":324,"column":6},"end":{"line":327,"column":9}},"140":{"start":{"line":329,"column":6},"end":{"line":329,"column":59}}},"branchMap":{}},"/Users/lucamezzalira/Documents/Haxe/haxe-watchify/src/models/ConfigurationModel.js":{"path":"/Users/lucamezzalira/Documents/Haxe/haxe-watchify/src/models/ConfigurationModel.js","s":{"1":1,"2":1,"3":1,"4":1,"5":1,"6":1,"7":1,"8":1,"9":35,"10":35,"11":1,"12":3,"13":1,"14":3,"15":1,"16":3,"17":3,"18":1,"19":3,"20":1,"21":0,"22":1,"23":2,"24":1,"25":2,"26":1,"27":1,"28":1,"29":2,"30":1,"31":2,"32":1,"33":4,"34":1,"35":2,"36":1,"37":23,"38":1,"39":22,"40":2,"41":20,"42":1},"b":{"1":[3,1],"2":[3,1],"3":[1,2],"4":[1,1],"5":[2,1],"6":[2,1],"7":[4,1],"8":[2,1],"9":[1,22],"10":[2,20],"11":[22,21]},"f":{"1":35,"2":3,"3":3,"4":3,"5":0,"6":2,"7":2,"8":2,"9":2,"10":4,"11":2,"12":23},"fnMap":{"1":{"name":"ConfigurationModel","line":9,"loc":{"start":{"line":9,"column":0},"end":{"line":9,"column":29}}},"2":{"name":"getLivereloadPath","line":28,"loc":{"start":{"line":28,"column":0},"end":{"line":28,"column":28}}},"3":{"name":"getSrcPath","line":32,"loc":{"start":{"line":32,"column":0},"end":{"line":32,"column":21}}},"4":{"name":"getBuildType","line":36,"loc":{"start":{"line":36,"column":0},"end":{"line":36,"column":23}}},"5":{"name":"getCmdCommand","line":43,"loc":{"start":{"line":43,"column":0},"end":{"line":43,"column":24}}},"6":{"name":"getParameters","line":47,"loc":{"start":{"line":47,"column":0},"end":{"line":47,"column":24}}},"7":{"name":"getHXMLFile","line":51,"loc":{"start":{"line":51,"column":0},"end":{"line":51,"column":22}}},"8":{"name":"getCompiler","line":59,"loc":{"start":{"line":59,"column":0},"end":{"line":59,"column":22}}},"9":{"name":"getServerPort","line":63,"loc":{"start":{"line":63,"column":0},"end":{"line":63,"column":24}}},"10":{"name":"getOpenFLPlatforms","line":67,"loc":{"start":{"line":67,"column":0},"end":{"line":67,"column":29}}},"11":{"name":"getProgramDefined","line":71,"loc":{"start":{"line":71,"column":0},"end":{"line":71,"column":28}}},"12":{"name":"setRawData","line":75,"loc":{"start":{"line":75,"column":0},"end":{"line":75,"column":25}}}},"statementMap":{"1":{"start":{"line":1,"column":0},"end":{"line":1,"column":31}},"2":{"start":{"line":2,"column":0},"end":{"line":2,"column":24}},"3":{"start":{"line":3,"column":0},"end":{"line":3,"column":33}},"4":{"start":{"line":4,"column":0},"end":{"line":4,"column":24}},"5":{"start":{"line":5,"column":0},"end":{"line":5,"column":29}},"6":{"start":{"line":6,"column":0},"end":{"line":6,"column":22}},"7":{"start":{"line":7,"column":0},"end":{"line":7,"column":15}},"8":{"start":{"line":9,"column":0},"end":{"line":26,"column":1}},"9":{"start":{"line":11,"column":2},"end":{"line":11,"column":18}},"10":{"start":{"line":13,"column":2},"end":{"line":25,"column":3}},"11":{"start":{"line":28,"column":0},"end":{"line":30,"column":1}},"12":{"start":{"line":29,"column":2},"end":{"line":29,"column":31}},"13":{"start":{"line":32,"column":0},"end":{"line":34,"column":1}},"14":{"start":{"line":33,"column":2},"end":{"line":33,"column":40}},"15":{"start":{"line":36,"column":0},"end":{"line":41,"column":1}},"16":{"start":{"line":37,"column":2},"end":{"line":37,"column":56}},"17":{"start":{"line":38,"column":2},"end":{"line":39,"column":30}},"18":{"start":{"line":39,"column":4},"end":{"line":39,"column":30}},"19":{"start":{"line":40,"column":2},"end":{"line":40,"column":14}},"20":{"start":{"line":43,"column":0},"end":{"line":45,"column":1}},"21":{"start":{"line":44,"column":2},"end":{"line":44,"column":24}},"22":{"start":{"line":47,"column":0},"end":{"line":49,"column":1}},"23":{"start":{"line":48,"column":2},"end":{"line":48,"column":27}},"24":{"start":{"line":51,"column":0},"end":{"line":57,"column":1}},"25":{"start":{"line":52,"column":2},"end":{"line":54,"column":3}},"26":{"start":{"line":53,"column":4},"end":{"line":53,"column":72}},"27":{"start":{"line":56,"column":2},"end":{"line":56,"column":25}},"28":{"start":{"line":59,"column":0},"end":{"line":61,"column":1}},"29":{"start":{"line":60,"column":2},"end":{"line":60,"column":49}},"30":{"start":{"line":63,"column":0},"end":{"line":65,"column":1}},"31":{"start":{"line":64,"column":2},"end":{"line":64,"column":41}},"32":{"start":{"line":67,"column":0},"end":{"line":69,"column":1}},"33":{"start":{"line":68,"column":2},"end":{"line":68,"column":36}},"34":{"start":{"line":71,"column":0},"end":{"line":73,"column":1}},"35":{"start":{"line":72,"column":2},"end":{"line":72,"column":47}},"36":{"start":{"line":75,"column":0},"end":{"line":85,"column":1}},"37":{"start":{"line":76,"column":2},"end":{"line":78,"column":3}},"38":{"start":{"line":77,"column":4},"end":{"line":77,"column":90}},"39":{"start":{"line":80,"column":2},"end":{"line":82,"column":3}},"40":{"start":{"line":81,"column":4},"end":{"line":81,"column":113}},"41":{"start":{"line":84,"column":2},"end":{"line":84,"column":26}},"42":{"start":{"line":87,"column":0},"end":{"line":87,"column":36}}},"branchMap":{"1":{"line":33,"type":"binary-expr","locations":[{"start":{"line":33,"column":9},"end":{"line":33,"column":23}},{"start":{"line":33,"column":27},"end":{"line":33,"column":39}}]},"2":{"line":37,"type":"binary-expr","locations":[{"start":{"line":37,"column":13},"end":{"line":37,"column":33}},{"start":{"line":37,"column":37},"end":{"line":37,"column":55}}]},"3":{"line":38,"type":"if","locations":[{"start":{"line":38,"column":2},"end":{"line":38,"column":2}},{"start":{"line":38,"column":2},"end":{"line":38,"column":2}}]},"4":{"line":52,"type":"if","locations":[{"start":{"line":52,"column":2},"end":{"line":52,"column":2}},{"start":{"line":52,"column":2},"end":{"line":52,"column":2}}]},"5":{"line":60,"type":"binary-expr","locations":[{"start":{"line":60,"column":9},"end":{"line":60,"column":28}},{"start":{"line":60,"column":32},"end":{"line":60,"column":48}}]},"6":{"line":64,"type":"binary-expr","locations":[{"start":{"line":64,"column":9},"end":{"line":64,"column":24}},{"start":{"line":64,"column":28},"end":{"line":64,"column":40}}]},"7":{"line":68,"type":"binary-expr","locations":[{"start":{"line":68,"column":9},"end":{"line":68,"column":29}},{"start":{"line":68,"column":33},"end":{"line":68,"column":35}}]},"8":{"line":72,"type":"binary-expr","locations":[{"start":{"line":72,"column":9},"end":{"line":72,"column":27}},{"start":{"line":72,"column":31},"end":{"line":72,"column":46}}]},"9":{"line":76,"type":"if","locations":[{"start":{"line":76,"column":2},"end":{"line":76,"column":2}},{"start":{"line":76,"column":2},"end":{"line":76,"column":2}}]},"10":{"line":80,"type":"if","locations":[{"start":{"line":80,"column":2},"end":{"line":80,"column":2}},{"start":{"line":80,"column":2},"end":{"line":80,"column":2}}]},"11":{"line":80,"type":"binary-expr","locations":[{"start":{"line":80,"column":5},"end":{"line":80,"column":16}},{"start":{"line":80,"column":20},"end":{"line":80,"column":88}}]}}},"/Users/lucamezzalira/Documents/Haxe/haxe-watchify/spec/modules/ArgsParser-spec.js":{"path":"/Users/lucamezzalira/Documents/Haxe/haxe-watchify/spec/modules/ArgsParser-spec.js","s":{"1":1,"2":1,"3":1,"4":1,"5":1,"6":10,"7":10,"8":1,"9":10,"10":1,"11":1,"12":1,"13":1,"14":1,"15":1,"16":1,"17":1,"18":8,"19":8,"20":8,"21":1,"22":1,"23":1,"24":1,"25":1,"26":1,"27":1,"28":1,"29":1,"30":1,"31":1,"32":1,"33":1,"34":1,"35":1,"36":1,"37":1,"38":1,"39":1,"40":1,"41":1,"42":1,"43":1,"44":1,"45":1,"46":1,"47":1,"48":1,"49":1,"50":1,"51":1,"52":1,"53":1,"54":1,"55":1,"56":1,"57":1,"58":1,"59":1,"60":1,"61":1,"62":1,"63":1,"64":1,"65":1,"66":1,"67":1,"68":1,"69":1,"70":1},"b":{},"f":{"1":1,"2":10,"3":10,"4":1,"5":1,"6":1,"7":1,"8":8,"9":1,"10":1,"11":1,"12":1,"13":1,"14":1,"15":1,"16":1,"17":1,"18":1,"19":1,"20":1,"21":1,"22":1,"23":1,"24":1,"25":1,"26":1,"27":1,"28":1,"29":1},"fnMap":{"1":{"name":"(anonymous_1)","line":5,"loc":{"start":{"line":5,"column":33},"end":{"line":5,"column":43}}},"2":{"name":"(anonymous_2)","line":7,"loc":{"start":{"line":7,"column":13},"end":{"line":7,"column":23}}},"3":{"name":"(anonymous_3)","line":12,"loc":{"start":{"line":12,"column":12},"end":{"line":12,"column":22}}},"4":{"name":"(anonymous_4)","line":16,"loc":{"start":{"line":16,"column":31},"end":{"line":16,"column":41}}},"5":{"name":"(anonymous_5)","line":18,"loc":{"start":{"line":18,"column":28},"end":{"line":18,"column":38}}},"6":{"name":"(anonymous_6)","line":22,"loc":{"start":{"line":22,"column":37},"end":{"line":22,"column":47}}},"7":{"name":"(anonymous_7)","line":27,"loc":{"start":{"line":27,"column":36},"end":{"line":27,"column":46}}},"8":{"name":"(anonymous_8)","line":30,"loc":{"start":{"line":30,"column":15},"end":{"line":30,"column":25}}},"9":{"name":"(anonymous_9)","line":43,"loc":{"start":{"line":43,"column":47},"end":{"line":43,"column":57}}},"10":{"name":"(anonymous_10)","line":47,"loc":{"start":{"line":47,"column":83},"end":{"line":47,"column":93}}},"11":{"name":"(anonymous_11)","line":51,"loc":{"start":{"line":51,"column":73},"end":{"line":51,"column":83}}},"12":{"name":"(anonymous_12)","line":53,"loc":{"start":{"line":53,"column":17},"end":{"line":53,"column":27}}},"13":{"name":"(anonymous_13)","line":59,"loc":{"start":{"line":59,"column":144},"end":{"line":59,"column":154}}},"14":{"name":"(anonymous_14)","line":64,"loc":{"start":{"line":64,"column":73},"end":{"line":64,"column":83}}},"15":{"name":"(anonymous_15)","line":66,"loc":{"start":{"line":66,"column":17},"end":{"line":66,"column":27}}},"16":{"name":"(anonymous_16)","line":78,"loc":{"start":{"line":78,"column":126},"end":{"line":78,"column":136}}},"17":{"name":"(anonymous_17)","line":83,"loc":{"start":{"line":83,"column":73},"end":{"line":83,"column":83}}},"18":{"name":"(anonymous_18)","line":85,"loc":{"start":{"line":85,"column":17},"end":{"line":85,"column":27}}},"19":{"name":"(anonymous_19)","line":97,"loc":{"start":{"line":97,"column":131},"end":{"line":97,"column":141}}},"20":{"name":"(anonymous_20)","line":102,"loc":{"start":{"line":102,"column":73},"end":{"line":102,"column":83}}},"21":{"name":"(anonymous_21)","line":104,"loc":{"start":{"line":104,"column":17},"end":{"line":104,"column":27}}},"22":{"name":"(anonymous_22)","line":118,"loc":{"start":{"line":118,"column":146},"end":{"line":118,"column":156}}},"23":{"name":"(anonymous_23)","line":123,"loc":{"start":{"line":123,"column":73},"end":{"line":123,"column":83}}},"24":{"name":"(anonymous_24)","line":125,"loc":{"start":{"line":125,"column":17},"end":{"line":125,"column":27}}},"25":{"name":"(anonymous_25)","line":140,"loc":{"start":{"line":140,"column":183},"end":{"line":140,"column":193}}},"26":{"name":"(anonymous_26)","line":145,"loc":{"start":{"line":145,"column":65},"end":{"line":145,"column":75}}},"27":{"name":"(anonymous_27)","line":147,"loc":{"start":{"line":147,"column":17},"end":{"line":147,"column":27}}},"28":{"name":"(anonymous_28)","line":149,"loc":{"start":{"line":149,"column":43},"end":{"line":149,"column":53}}},"29":{"name":"(anonymous_29)","line":153,"loc":{"start":{"line":153,"column":143},"end":{"line":153,"column":153}}}},"statementMap":{"1":{"start":{"line":1,"column":0},"end":{"line":1,"column":57}},"2":{"start":{"line":2,"column":0},"end":{"line":2,"column":59}},"3":{"start":{"line":3,"column":0},"end":{"line":3,"column":95}},"4":{"start":{"line":5,"column":0},"end":{"line":159,"column":3}},"5":{"start":{"line":7,"column":2},"end":{"line":10,"column":5}},"6":{"start":{"line":8,"column":4},"end":{"line":8,"column":23}},"7":{"start":{"line":9,"column":4},"end":{"line":9,"column":48}},"8":{"start":{"line":12,"column":2},"end":{"line":14,"column":5}},"9":{"start":{"line":13,"column":4},"end":{"line":13,"column":27}},"10":{"start":{"line":16,"column":2},"end":{"line":25,"column":5}},"11":{"start":{"line":18,"column":4},"end":{"line":20,"column":7}},"12":{"start":{"line":19,"column":6},"end":{"line":19,"column":44}},"13":{"start":{"line":22,"column":4},"end":{"line":24,"column":7}},"14":{"start":{"line":23,"column":6},"end":{"line":23,"column":67}},"15":{"start":{"line":27,"column":2},"end":{"line":158,"column":5}},"16":{"start":{"line":28,"column":4},"end":{"line":28,"column":20}},"17":{"start":{"line":30,"column":4},"end":{"line":41,"column":7}},"18":{"start":{"line":31,"column":6},"end":{"line":31,"column":38}},"19":{"start":{"line":33,"column":6},"end":{"line":38,"column":34}},"20":{"start":{"line":40,"column":6},"end":{"line":40,"column":41}},"21":{"start":{"line":43,"column":4},"end":{"line":45,"column":7}},"22":{"start":{"line":44,"column":6},"end":{"line":44,"column":55}},"23":{"start":{"line":47,"column":4},"end":{"line":49,"column":7}},"24":{"start":{"line":48,"column":6},"end":{"line":48,"column":70}},"25":{"start":{"line":51,"column":4},"end":{"line":62,"column":7}},"26":{"start":{"line":53,"column":6},"end":{"line":57,"column":9}},"27":{"start":{"line":54,"column":10},"end":{"line":54,"column":34}},"28":{"start":{"line":55,"column":10},"end":{"line":55,"column":38}},"29":{"start":{"line":56,"column":10},"end":{"line":56,"column":21}},"30":{"start":{"line":59,"column":6},"end":{"line":61,"column":9}},"31":{"start":{"line":60,"column":8},"end":{"line":60,"column":114}},"32":{"start":{"line":64,"column":4},"end":{"line":81,"column":7}},"33":{"start":{"line":66,"column":6},"end":{"line":76,"column":9}},"34":{"start":{"line":67,"column":10},"end":{"line":67,"column":34}},"35":{"start":{"line":69,"column":10},"end":{"line":72,"column":35}},"36":{"start":{"line":74,"column":10},"end":{"line":74,"column":38}},"37":{"start":{"line":75,"column":10},"end":{"line":75,"column":28}},"38":{"start":{"line":78,"column":6},"end":{"line":80,"column":9}},"39":{"start":{"line":79,"column":8},"end":{"line":79,"column":114}},"40":{"start":{"line":83,"column":4},"end":{"line":100,"column":7}},"41":{"start":{"line":85,"column":6},"end":{"line":95,"column":9}},"42":{"start":{"line":86,"column":10},"end":{"line":86,"column":34}},"43":{"start":{"line":88,"column":10},"end":{"line":91,"column":37}},"44":{"start":{"line":93,"column":10},"end":{"line":93,"column":38}},"45":{"start":{"line":94,"column":10},"end":{"line":94,"column":28}},"46":{"start":{"line":97,"column":6},"end":{"line":99,"column":9}},"47":{"start":{"line":98,"column":8},"end":{"line":98,"column":114}},"48":{"start":{"line":102,"column":4},"end":{"line":121,"column":7}},"49":{"start":{"line":104,"column":6},"end":{"line":116,"column":9}},"50":{"start":{"line":105,"column":10},"end":{"line":105,"column":34}},"51":{"start":{"line":107,"column":10},"end":{"line":112,"column":47}},"52":{"start":{"line":114,"column":10},"end":{"line":114,"column":38}},"53":{"start":{"line":115,"column":10},"end":{"line":115,"column":28}},"54":{"start":{"line":118,"column":6},"end":{"line":120,"column":9}},"55":{"start":{"line":119,"column":8},"end":{"line":119,"column":114}},"56":{"start":{"line":123,"column":4},"end":{"line":143,"column":7}},"57":{"start":{"line":125,"column":6},"end":{"line":138,"column":9}},"58":{"start":{"line":126,"column":10},"end":{"line":126,"column":34}},"59":{"start":{"line":128,"column":10},"end":{"line":134,"column":35}},"60":{"start":{"line":136,"column":10},"end":{"line":136,"column":38}},"61":{"start":{"line":137,"column":10},"end":{"line":137,"column":28}},"62":{"start":{"line":140,"column":6},"end":{"line":142,"column":9}},"63":{"start":{"line":141,"column":8},"end":{"line":141,"column":114}},"64":{"start":{"line":145,"column":4},"end":{"line":156,"column":7}},"65":{"start":{"line":147,"column":6},"end":{"line":151,"column":9}},"66":{"start":{"line":148,"column":10},"end":{"line":148,"column":34}},"67":{"start":{"line":149,"column":10},"end":{"line":149,"column":58}},"68":{"start":{"line":150,"column":10},"end":{"line":150,"column":32}},"69":{"start":{"line":153,"column":6},"end":{"line":155,"column":9}},"70":{"start":{"line":154,"column":8},"end":{"line":154,"column":109}}},"branchMap":{}},"/Users/lucamezzalira/Documents/Haxe/haxe-watchify/src/modules/ArgsParser.js":{"path":"/Users/lucamezzalira/Documents/Haxe/haxe-watchify/src/modules/ArgsParser.js","s":{"1":1,"2":1,"3":1,"4":1,"5":1,"6":1,"7":1,"8":1,"9":16,"10":16,"11":1,"12":6,"13":6,"14":1,"15":6,"16":6,"17":5,"18":1,"19":1,"20":9,"21":1,"22":1,"23":1,"24":1,"25":1,"26":6,"27":1,"28":5,"29":1},"b":{"1":[1,5],"2":[5,1],"3":[6,5],"4":[6,5],"5":[5,1]},"f":{"1":16,"2":6,"3":9,"4":1,"5":6,"6":5},"fnMap":{"1":{"name":"ArgsParser","line":10,"loc":{"start":{"line":10,"column":0},"end":{"line":10,"column":39}}},"2":{"name":"parse","line":18,"loc":{"start":{"line":18,"column":0},"end":{"line":18,"column":20}}},"3":{"name":"splitPlatforms","line":43,"loc":{"start":{"line":43,"column":0},"end":{"line":43,"column":29}}},"4":{"name":"popolateModel","line":47,"loc":{"start":{"line":47,"column":0},"end":{"line":47,"column":24}}},"5":{"name":"isHaxeBuildDefined","line":67,"loc":{"start":{"line":67,"column":0},"end":{"line":67,"column":29}}},"6":{"name":"isOpenFLBuildDefined","line":71,"loc":{"start":{"line":71,"column":0},"end":{"line":71,"column":31}}}},"statementMap":{"1":{"start":{"line":1,"column":0},"end":{"line":1,"column":37}},"2":{"start":{"line":2,"column":0},"end":{"line":2,"column":88}},"3":{"start":{"line":3,"column":0},"end":{"line":3,"column":48}},"4":{"start":{"line":4,"column":0},"end":{"line":4,"column":65}},"5":{"start":{"line":5,"column":0},"end":{"line":5,"column":52}},"6":{"start":{"line":6,"column":0},"end":{"line":6,"column":61}},"7":{"start":{"line":8,"column":0},"end":{"line":8,"column":14}},"8":{"start":{"line":10,"column":0},"end":{"line":16,"column":1}},"9":{"start":{"line":11,"column":2},"end":{"line":11,"column":33}},"10":{"start":{"line":13,"column":2},"end":{"line":15,"column":4}},"11":{"start":{"line":18,"column":0},"end":{"line":41,"column":1}},"12":{"start":{"line":19,"column":2},"end":{"line":19,"column":25}},"13":{"start":{"line":20,"column":2},"end":{"line":22,"column":3}},"14":{"start":{"line":21,"column":4},"end":{"line":21,"column":21}},"15":{"start":{"line":24,"column":2},"end":{"line":34,"column":22}},"16":{"start":{"line":36,"column":2},"end":{"line":40,"column":3}},"17":{"start":{"line":37,"column":4},"end":{"line":37,"column":81}},"18":{"start":{"line":39,"column":4},"end":{"line":39,"column":72}},"19":{"start":{"line":43,"column":0},"end":{"line":45,"column":1}},"20":{"start":{"line":44,"column":2},"end":{"line":44,"column":35}},"21":{"start":{"line":47,"column":0},"end":{"line":65,"column":1}},"22":{"start":{"line":48,"column":2},"end":{"line":60,"column":4}},"23":{"start":{"line":62,"column":2},"end":{"line":62,"column":26}},"24":{"start":{"line":64,"column":2},"end":{"line":64,"column":19}},"25":{"start":{"line":67,"column":0},"end":{"line":69,"column":1}},"26":{"start":{"line":68,"column":2},"end":{"line":68,"column":70}},"27":{"start":{"line":71,"column":0},"end":{"line":73,"column":1}},"28":{"start":{"line":72,"column":2},"end":{"line":72,"column":77}},"29":{"start":{"line":75,"column":0},"end":{"line":75,"column":28}}},"branchMap":{"1":{"line":20,"type":"if","locations":[{"start":{"line":20,"column":2},"end":{"line":20,"column":2}},{"start":{"line":20,"column":2},"end":{"line":20,"column":2}}]},"2":{"line":36,"type":"if","locations":[{"start":{"line":36,"column":2},"end":{"line":36,"column":2}},{"start":{"line":36,"column":2},"end":{"line":36,"column":2}}]},"3":{"line":36,"type":"binary-expr","locations":[{"start":{"line":36,"column":5},"end":{"line":36,"column":26}},{"start":{"line":36,"column":30},"end":{"line":36,"column":53}}]},"4":{"line":68,"type":"binary-expr","locations":[{"start":{"line":68,"column":9},"end":{"line":68,"column":37}},{"start":{"line":68,"column":41},"end":{"line":68,"column":69}}]},"5":{"line":72,"type":"binary-expr","locations":[{"start":{"line":72,"column":9},"end":{"line":72,"column":39}},{"start":{"line":72,"column":43},"end":{"line":72,"column":76}}]}}},"/Users/lucamezzalira/Documents/Haxe/haxe-watchify/src/notifications/ConfigurationNotifications.js":{"path":"/Users/lucamezzalira/Documents/Haxe/haxe-watchify/src/notifications/ConfigurationNotifications.js","s":{"1":1},"b":{},"f":{},"fnMap":{},"statementMap":{"1":{"start":{"line":1,"column":0},"end":{"line":5,"column":1}}},"branchMap":{}},"/Users/lucamezzalira/Documents/Haxe/haxe-watchify/src/notifications/EventHub.js":{"path":"/Users/lucamezzalira/Documents/Haxe/haxe-watchify/src/notifications/EventHub.js","s":{"1":1,"2":1,"3":1,"4":1,"5":1,"6":1},"b":{},"f":{"1":1},"fnMap":{"1":{"name":"EventHub","line":3,"loc":{"start":{"line":3,"column":0},"end":{"line":3,"column":19}}}},"statementMap":{"1":{"start":{"line":1,"column":0},"end":{"line":1,"column":50}},"2":{"start":{"line":3,"column":0},"end":{"line":8,"column":1}},"3":{"start":{"line":4,"column":2},"end":{"line":4,"column":38}},"4":{"start":{"line":5,"column":2},"end":{"line":5,"column":32}},"5":{"start":{"line":7,"column":2},"end":{"line":7,"column":20}},"6":{"start":{"line":10,"column":0},"end":{"line":10,"column":32}}},"branchMap":{}},"/Users/lucamezzalira/Documents/Haxe/haxe-watchify/src/messages/ConsoleMessages.js":{"path":"/Users/lucamezzalira/Documents/Haxe/haxe-watchify/src/messages/ConsoleMessages.js","s":{"1":1},"b":{},"f":{},"fnMap":{},"statementMap":{"1":{"start":{"line":1,"column":0},"end":{"line":25,"column":1}}},"branchMap":{}},"/Users/lucamezzalira/Documents/Haxe/haxe-watchify/spec/utils/Array2Iterator-spec.js":{"path":"/Users/lucamezzalira/Documents/Haxe/haxe-watchify/spec/utils/Array2Iterator-spec.js","s":{"1":1,"2":1,"3":1,"4":1,"5":6,"6":6,"7":1,"8":6,"9":1,"10":1,"11":1,"12":1,"13":1,"14":1,"15":1,"16":1,"17":1,"18":1,"19":1,"20":1,"21":1,"22":1,"23":1,"24":1,"25":1,"26":1,"27":1,"28":1,"29":1,"30":1,"31":1,"32":1,"33":1,"34":1,"35":1,"36":1,"37":1,"38":1,"39":1,"40":1,"41":1,"42":1,"43":1,"44":1,"45":1,"46":1,"47":1,"48":1,"49":1,"50":1},"b":{},"f":{"1":1,"2":1,"3":6,"4":6,"5":1,"6":1,"7":1,"8":1,"9":1,"10":1,"11":1,"12":1,"13":1,"14":1,"15":1,"16":1,"17":1,"18":1,"19":1},"fnMap":{"1":{"name":"(anonymous_1)","line":3,"loc":{"start":{"line":3,"column":37},"end":{"line":3,"column":47}}},"2":{"name":"(anonymous_2)","line":5,"loc":{"start":{"line":5,"column":35},"end":{"line":5,"column":45}}},"3":{"name":"(anonymous_3)","line":7,"loc":{"start":{"line":7,"column":15},"end":{"line":7,"column":25}}},"4":{"name":"(anonymous_4)","line":12,"loc":{"start":{"line":12,"column":14},"end":{"line":12,"column":24}}},"5":{"name":"(anonymous_5)","line":16,"loc":{"start":{"line":16,"column":32},"end":{"line":16,"column":42}}},"6":{"name":"(anonymous_6)","line":20,"loc":{"start":{"line":20,"column":37},"end":{"line":20,"column":47}}},"7":{"name":"(anonymous_7)","line":24,"loc":{"start":{"line":24,"column":36},"end":{"line":24,"column":46}}},"8":{"name":"(anonymous_8)","line":28,"loc":{"start":{"line":28,"column":39},"end":{"line":28,"column":49}}},"9":{"name":"(anonymous_9)","line":32,"loc":{"start":{"line":32,"column":82},"end":{"line":32,"column":92}}},"10":{"name":"(anonymous_10)","line":36,"loc":{"start":{"line":36,"column":90},"end":{"line":36,"column":100}}},"11":{"name":"(anonymous_11)","line":37,"loc":{"start":{"line":37,"column":32},"end":{"line":37,"column":42}}},"12":{"name":"(anonymous_12)","line":45,"loc":{"start":{"line":45,"column":37},"end":{"line":45,"column":47}}},"13":{"name":"(anonymous_13)","line":46,"loc":{"start":{"line":46,"column":84},"end":{"line":46,"column":94}}},"14":{"name":"(anonymous_14)","line":51,"loc":{"start":{"line":51,"column":76},"end":{"line":51,"column":86}}},"15":{"name":"(anonymous_15)","line":57,"loc":{"start":{"line":57,"column":41},"end":{"line":57,"column":51}}},"16":{"name":"(anonymous_16)","line":58,"loc":{"start":{"line":58,"column":45},"end":{"line":58,"column":55}}},"17":{"name":"(anonymous_17)","line":68,"loc":{"start":{"line":68,"column":72},"end":{"line":68,"column":82}}},"18":{"name":"(anonymous_18)","line":78,"loc":{"start":{"line":78,"column":35},"end":{"line":78,"column":45}}},"19":{"name":"(anonymous_19)","line":79,"loc":{"start":{"line":79,"column":56},"end":{"line":79,"column":66}}}},"statementMap":{"1":{"start":{"line":1,"column":0},"end":{"line":1,"column":63}},"2":{"start":{"line":3,"column":0},"end":{"line":92,"column":3}},"3":{"start":{"line":5,"column":2},"end":{"line":43,"column":5}},"4":{"start":{"line":7,"column":4},"end":{"line":10,"column":7}},"5":{"start":{"line":8,"column":6},"end":{"line":8,"column":19}},"6":{"start":{"line":9,"column":6},"end":{"line":9,"column":52}},"7":{"start":{"line":12,"column":4},"end":{"line":14,"column":7}},"8":{"start":{"line":13,"column":6},"end":{"line":13,"column":33}},"9":{"start":{"line":16,"column":4},"end":{"line":18,"column":7}},"10":{"start":{"line":17,"column":6},"end":{"line":17,"column":48}},"11":{"start":{"line":20,"column":4},"end":{"line":22,"column":7}},"12":{"start":{"line":21,"column":6},"end":{"line":21,"column":71}},"13":{"start":{"line":24,"column":4},"end":{"line":26,"column":7}},"14":{"start":{"line":25,"column":6},"end":{"line":25,"column":70}},"15":{"start":{"line":28,"column":4},"end":{"line":30,"column":7}},"16":{"start":{"line":29,"column":6},"end":{"line":29,"column":73}},"17":{"start":{"line":32,"column":4},"end":{"line":34,"column":7}},"18":{"start":{"line":33,"column":6},"end":{"line":33,"column":53}},"19":{"start":{"line":36,"column":4},"end":{"line":42,"column":7}},"20":{"start":{"line":37,"column":6},"end":{"line":39,"column":8}},"21":{"start":{"line":38,"column":8},"end":{"line":38,"column":41}},"22":{"start":{"line":41,"column":6},"end":{"line":41,"column":58}},"23":{"start":{"line":45,"column":2},"end":{"line":55,"column":5}},"24":{"start":{"line":46,"column":4},"end":{"line":49,"column":7}},"25":{"start":{"line":47,"column":6},"end":{"line":47,"column":39}},"26":{"start":{"line":48,"column":6},"end":{"line":48,"column":40}},"27":{"start":{"line":51,"column":4},"end":{"line":54,"column":7}},"28":{"start":{"line":52,"column":6},"end":{"line":52,"column":52}},"29":{"start":{"line":53,"column":6},"end":{"line":53,"column":41}},"30":{"start":{"line":57,"column":2},"end":{"line":76,"column":5}},"31":{"start":{"line":58,"column":4},"end":{"line":66,"column":7}},"32":{"start":{"line":59,"column":6},"end":{"line":59,"column":32}},"33":{"start":{"line":60,"column":6},"end":{"line":60,"column":40}},"34":{"start":{"line":62,"column":6},"end":{"line":62,"column":36}},"35":{"start":{"line":63,"column":6},"end":{"line":63,"column":36}},"36":{"start":{"line":64,"column":6},"end":{"line":64,"column":36}},"37":{"start":{"line":68,"column":4},"end":{"line":75,"column":7}},"38":{"start":{"line":69,"column":6},"end":{"line":69,"column":20}},"39":{"start":{"line":70,"column":6},"end":{"line":70,"column":40}},"40":{"start":{"line":72,"column":6},"end":{"line":72,"column":36}},"41":{"start":{"line":73,"column":6},"end":{"line":73,"column":36}},"42":{"start":{"line":78,"column":2},"end":{"line":91,"column":5}},"43":{"start":{"line":79,"column":4},"end":{"line":90,"column":7}},"44":{"start":{"line":80,"column":6},"end":{"line":80,"column":32}},"45":{"start":{"line":81,"column":6},"end":{"line":81,"column":40}},"46":{"start":{"line":83,"column":6},"end":{"line":83,"column":36}},"47":{"start":{"line":84,"column":6},"end":{"line":84,"column":36}},"48":{"start":{"line":85,"column":6},"end":{"line":85,"column":36}},"49":{"start":{"line":87,"column":6},"end":{"line":87,"column":18}},"50":{"start":{"line":89,"column":6},"end":{"line":89,"column":36}}},"branchMap":{}},"/Users/lucamezzalira/Documents/Haxe/haxe-watchify/src/utils/Array2Iterator.js":{"path":"/Users/lucamezzalira/Documents/Haxe/haxe-watchify/src/utils/Array2Iterator.js","s":{"1":1,"2":1,"3":13,"4":2,"5":11,"6":11,"7":11,"8":1,"9":9,"10":1,"11":1,"12":1,"13":11,"14":1},"b":{"1":[2,11],"2":[13,12],"3":[8,1]},"f":{"1":13,"2":9,"3":1,"4":11},"fnMap":{"1":{"name":"Array2Iterator","line":3,"loc":{"start":{"line":3,"column":0},"end":{"line":3,"column":30}}},"2":{"name":"nextElement","line":18,"loc":{"start":{"line":18,"column":0},"end":{"line":18,"column":22}}},"3":{"name":"resetIndex","line":22,"loc":{"start":{"line":22,"column":0},"end":{"line":22,"column":21}}},"4":{"name":"hasNextValue","line":26,"loc":{"start":{"line":26,"column":0},"end":{"line":26,"column":23}}}},"statementMap":{"1":{"start":{"line":1,"column":0},"end":{"line":1,"column":29}},"2":{"start":{"line":3,"column":0},"end":{"line":16,"column":1}},"3":{"start":{"line":4,"column":2},"end":{"line":6,"column":3}},"4":{"start":{"line":5,"column":4},"end":{"line":5,"column":67}},"5":{"start":{"line":8,"column":2},"end":{"line":8,"column":16}},"6":{"start":{"line":9,"column":2},"end":{"line":9,"column":24}},"7":{"start":{"line":11,"column":2},"end":{"line":15,"column":3}},"8":{"start":{"line":18,"column":0},"end":{"line":20,"column":1}},"9":{"start":{"line":19,"column":4},"end":{"line":19,"column":62}},"10":{"start":{"line":22,"column":0},"end":{"line":24,"column":1}},"11":{"start":{"line":23,"column":2},"end":{"line":23,"column":16}},"12":{"start":{"line":26,"column":0},"end":{"line":28,"column":1}},"13":{"start":{"line":27,"column":2},"end":{"line":27,"column":42}},"14":{"start":{"line":30,"column":0},"end":{"line":30,"column":32}}},"branchMap":{"1":{"line":4,"type":"if","locations":[{"start":{"line":4,"column":2},"end":{"line":4,"column":2}},{"start":{"line":4,"column":2},"end":{"line":4,"column":2}}]},"2":{"line":4,"type":"binary-expr","locations":[{"start":{"line":4,"column":5},"end":{"line":4,"column":11}},{"start":{"line":4,"column":15},"end":{"line":4,"column":36}}]},"3":{"line":19,"type":"cond-expr","locations":[{"start":{"line":19,"column":28},"end":{"line":19,"column":54}},{"start":{"line":19,"column":57},"end":{"line":19,"column":61}}]}}}}