TN:
SF:/Users/lucamezzalira/Documents/Haxe/haxe-watchify/spec/models/ConfigurationModel-spec.js
FN:3,(anonymous_1)
FN:5,(anonymous_2)
FN:7,(anonymous_3)
FN:11,(anonymous_4)
FN:15,(anonymous_5)
FN:19,(anonymous_6)
FN:23,(anonymous_7)
FN:27,(anonymous_8)
FN:31,(anonymous_9)
FN:35,(anonymous_10)
FN:39,(anonymous_11)
FN:43,(anonymous_12)
FN:47,(anonymous_13)
FN:51,(anonymous_14)
FN:55,(anonymous_15)
FN:59,(anonymous_16)
FN:64,(anonymous_17)
FN:66,(anonymous_18)
FN:70,(anonymous_19)
FN:74,(anonymous_20)
FN:76,(anonymous_21)
FN:82,(anonymous_22)
FN:84,(anonymous_23)
FN:90,(anonymous_24)
FN:92,(anonymous_25)
FN:98,(anonymous_26)
FN:100,(anonymous_27)
FN:108,(anonymous_28)
FN:110,(anonymous_29)
FN:114,(anonymous_30)
FN:118,(anonymous_31)
FN:129,(anonymous_32)
FN:138,(anonymous_33)
FN:140,(anonymous_34)
FN:144,(anonymous_35)
FN:148,(anonymous_36)
FN:159,(anonymous_37)
FN:172,(anonymous_38)
FN:174,(anonymous_39)
FN:178,(anonymous_40)
FN:182,(anonymous_41)
FN:196,(anonymous_42)
FNF:42
FNH:42
FNDA:1,(anonymous_1)
FNDA:1,(anonymous_2)
FNDA:12,(anonymous_3)
FNDA:12,(anonymous_4)
FNDA:1,(anonymous_5)
FNDA:1,(anonymous_6)
FNDA:1,(anonymous_7)
FNDA:1,(anonymous_8)
FNDA:1,(anonymous_9)
FNDA:1,(anonymous_10)
FNDA:1,(anonymous_11)
FNDA:1,(anonymous_12)
FNDA:1,(anonymous_13)
FNDA:1,(anonymous_14)
FNDA:1,(anonymous_15)
FNDA:1,(anonymous_16)
FNDA:1,(anonymous_17)
FNDA:4,(anonymous_18)
FNDA:4,(anonymous_19)
FNDA:1,(anonymous_20)
FNDA:1,(anonymous_21)
FNDA:1,(anonymous_22)
FNDA:1,(anonymous_23)
FNDA:1,(anonymous_24)
FNDA:1,(anonymous_25)
FNDA:1,(anonymous_26)
FNDA:1,(anonymous_27)
FNDA:1,(anonymous_28)
FNDA:2,(anonymous_29)
FNDA:2,(anonymous_30)
FNDA:1,(anonymous_31)
FNDA:1,(anonymous_32)
FNDA:1,(anonymous_33)
FNDA:2,(anonymous_34)
FNDA:2,(anonymous_35)
FNDA:1,(anonymous_36)
FNDA:1,(anonymous_37)
FNDA:1,(anonymous_38)
FNDA:2,(anonymous_39)
FNDA:2,(anonymous_40)
FNDA:1,(anonymous_41)
FNDA:1,(anonymous_42)
DA:1,1
DA:3,1
DA:5,1
DA:7,1
DA:8,12
DA:11,1
DA:12,12
DA:15,1
DA:16,1
DA:19,1
DA:20,1
DA:23,1
DA:24,1
DA:27,1
DA:28,1
DA:31,1
DA:32,1
DA:35,1
DA:36,1
DA:39,1
DA:40,1
DA:43,1
DA:44,1
DA:47,1
DA:48,1
DA:51,1
DA:52,1
DA:55,1
DA:56,1
DA:59,1
DA:60,1
DA:64,1
DA:66,1
DA:67,4
DA:70,1
DA:71,4
DA:74,1
DA:75,1
DA:76,1
DA:77,1
DA:79,1
DA:82,1
DA:83,1
DA:84,1
DA:85,1
DA:87,1
DA:90,1
DA:91,1
DA:92,1
DA:93,1
DA:95,1
DA:98,1
DA:99,1
DA:100,1
DA:101,1
DA:104,1
DA:108,1
DA:110,1
DA:111,2
DA:114,1
DA:115,2
DA:118,1
DA:119,1
DA:120,1
DA:126,1
DA:129,1
DA:130,1
DA:131,1
DA:134,1
DA:138,1
DA:140,1
DA:141,2
DA:144,1
DA:145,2
DA:148,1
DA:149,1
DA:150,1
DA:156,1
DA:159,1
DA:160,1
DA:161,1
DA:162,1
DA:168,1
DA:172,1
DA:174,1
DA:175,2
DA:178,1
DA:179,2
DA:182,1
DA:183,1
DA:187,1
DA:193,1
DA:196,1
DA:197,1
DA:202,1
LF:95
LH:95
BRF:0
BRH:0
end_of_record
TN:
SF:/Users/lucamezzalira/Documents/Haxe/haxe-watchify/src/models/ConfigurationModel.js
FN:8,ConfigurationModel
FN:28,getLivereloadPath
FN:32,getSrcPath
FN:36,getBuildType
FN:43,getCmdCommand
FN:47,getParameters
FN:51,getHXMLFile
FN:59,getCompiler
FN:63,getServerPort
FN:67,getOpenFLPlatforms
FN:71,getProgramDefined
FN:75,setRawData
FNF:12
FNH:5
FNDA:22,ConfigurationModel
FNDA:0,getLivereloadPath
FNDA:0,getSrcPath
FNDA:0,getBuildType
FNDA:0,getCmdCommand
FNDA:2,getParameters
FNDA:2,getHXMLFile
FNDA:2,getCompiler
FNDA:0,getServerPort
FNDA:0,getOpenFLPlatforms
FNDA:0,getProgramDefined
FNDA:10,setRawData
DA:1,1
DA:2,1
DA:3,1
DA:4,1
DA:5,1
DA:6,1
DA:8,1
DA:10,22
DA:12,22
DA:28,1
DA:29,0
DA:32,1
DA:33,0
DA:36,1
DA:37,0
DA:38,0
DA:39,0
DA:40,0
DA:43,1
DA:44,0
DA:47,1
DA:48,2
DA:51,1
DA:52,2
DA:53,1
DA:56,1
DA:59,1
DA:60,2
DA:63,1
DA:64,0
DA:67,1
DA:68,0
DA:71,1
DA:72,0
DA:75,1
DA:76,10
DA:77,1
DA:80,9
DA:81,2
DA:84,7
DA:87,1
LF:41
LH:31
BRDA:33,1,0,0
BRDA:33,1,1,0
BRDA:37,2,0,0
BRDA:37,2,1,0
BRDA:38,3,0,0
BRDA:38,3,1,0
BRDA:52,4,0,1
BRDA:52,4,1,1
BRDA:60,5,0,2
BRDA:60,5,1,1
BRDA:64,6,0,0
BRDA:64,6,1,0
BRDA:76,7,0,1
BRDA:76,7,1,9
BRDA:80,8,0,2
BRDA:80,8,1,7
BRDA:80,9,0,9
BRDA:80,9,1,8
BRF:18
BRH:10
end_of_record
TN:
SF:/Users/lucamezzalira/Documents/Haxe/haxe-watchify/spec/modules/ArgsParser-spec.js
FN:5,(anonymous_1)
FN:7,(anonymous_2)
FN:12,(anonymous_3)
FN:16,(anonymous_4)
FN:18,(anonymous_5)
FN:22,(anonymous_6)
FN:27,(anonymous_7)
FN:30,(anonymous_8)
FN:43,(anonymous_9)
FN:47,(anonymous_10)
FN:51,(anonymous_11)
FN:53,(anonymous_12)
FN:59,(anonymous_13)
FN:64,(anonymous_14)
FN:66,(anonymous_15)
FN:78,(anonymous_16)
FN:83,(anonymous_17)
FN:85,(anonymous_18)
FN:97,(anonymous_19)
FN:102,(anonymous_20)
FN:104,(anonymous_21)
FN:118,(anonymous_22)
FN:123,(anonymous_23)
FN:125,(anonymous_24)
FN:140,(anonymous_25)
FN:145,(anonymous_26)
FN:147,(anonymous_27)
FN:149,(anonymous_28)
FN:153,(anonymous_29)
FNF:29
FNH:29
FNDA:1,(anonymous_1)
FNDA:10,(anonymous_2)
FNDA:10,(anonymous_3)
FNDA:1,(anonymous_4)
FNDA:1,(anonymous_5)
FNDA:1,(anonymous_6)
FNDA:1,(anonymous_7)
FNDA:8,(anonymous_8)
FNDA:1,(anonymous_9)
FNDA:1,(anonymous_10)
FNDA:1,(anonymous_11)
FNDA:1,(anonymous_12)
FNDA:1,(anonymous_13)
FNDA:1,(anonymous_14)
FNDA:1,(anonymous_15)
FNDA:1,(anonymous_16)
FNDA:1,(anonymous_17)
FNDA:1,(anonymous_18)
FNDA:1,(anonymous_19)
FNDA:1,(anonymous_20)
FNDA:1,(anonymous_21)
FNDA:1,(anonymous_22)
FNDA:1,(anonymous_23)
FNDA:1,(anonymous_24)
FNDA:1,(anonymous_25)
FNDA:1,(anonymous_26)
FNDA:1,(anonymous_27)
FNDA:1,(anonymous_28)
FNDA:1,(anonymous_29)
DA:1,1
DA:2,1
DA:3,1
DA:5,1
DA:7,1
DA:8,10
DA:9,10
DA:12,1
DA:13,10
DA:16,1
DA:18,1
DA:19,1
DA:22,1
DA:23,1
DA:27,1
DA:28,1
DA:30,1
DA:31,8
DA:33,8
DA:40,8
DA:43,1
DA:44,1
DA:47,1
DA:48,1
DA:51,1
DA:53,1
DA:54,1
DA:55,1
DA:56,1
DA:59,1
DA:60,1
DA:64,1
DA:66,1
DA:67,1
DA:69,1
DA:74,1
DA:75,1
DA:78,1
DA:79,1
DA:83,1
DA:85,1
DA:86,1
DA:88,1
DA:93,1
DA:94,1
DA:97,1
DA:98,1
DA:102,1
DA:104,1
DA:105,1
DA:107,1
DA:114,1
DA:115,1
DA:118,1
DA:119,1
DA:123,1
DA:125,1
DA:126,1
DA:128,1
DA:136,1
DA:137,1
DA:140,1
DA:141,1
DA:145,1
DA:147,1
DA:148,1
DA:149,1
DA:150,1
DA:153,1
DA:154,1
LF:70
LH:70
BRF:0
BRH:0
end_of_record
TN:
SF:/Users/lucamezzalira/Documents/Haxe/haxe-watchify/src/modules/ArgsParser.js
FN:10,ArgsParser
FN:18,parse
FN:43,splitPlatforms
FN:47,popolateModel
FN:67,isHaxeBuildDefined
FN:71,isOpenFLBuildDefined
FNF:6
FNH:6
FNDA:16,ArgsParser
FNDA:6,parse
FNDA:9,splitPlatforms
FNDA:1,popolateModel
FNDA:6,isHaxeBuildDefined
FNDA:5,isOpenFLBuildDefined
DA:1,1
DA:2,1
DA:3,1
DA:4,1
DA:5,1
DA:6,1
DA:8,1
DA:10,1
DA:11,16
DA:13,16
DA:18,1
DA:19,6
DA:20,6
DA:21,1
DA:24,6
DA:36,6
DA:37,5
DA:39,1
DA:43,1
DA:44,9
DA:47,1
DA:48,1
DA:62,1
DA:64,1
DA:67,1
DA:68,6
DA:71,1
DA:72,5
DA:75,1
LF:29
LH:29
BRDA:20,1,0,1
BRDA:20,1,1,5
BRDA:36,2,0,5
BRDA:36,2,1,1
BRDA:36,3,0,6
BRDA:36,3,1,5
BRDA:68,4,0,6
BRDA:68,4,1,5
BRDA:72,5,0,5
BRDA:72,5,1,1
BRF:10
BRH:10
end_of_record
TN:
SF:/Users/lucamezzalira/Documents/Haxe/haxe-watchify/src/notifications/ConfigurationNotifications.js
FNF:0
FNH:0
DA:1,1
LF:1
LH:1
BRF:0
BRH:0
end_of_record
TN:
SF:/Users/lucamezzalira/Documents/Haxe/haxe-watchify/src/notifications/EventHub.js
FN:3,EventHub
FNF:1
FNH:1
FNDA:1,EventHub
DA:1,1
DA:3,1
DA:4,1
DA:5,1
DA:7,1
DA:10,1
LF:6
LH:6
BRF:0
BRH:0
end_of_record
TN:
SF:/Users/lucamezzalira/Documents/Haxe/haxe-watchify/src/messages/ConsoleMessages.js
FNF:0
FNH:0
DA:1,1
LF:1
LH:1
BRF:0
BRH:0
end_of_record
TN:
SF:/Users/lucamezzalira/Documents/Haxe/haxe-watchify/spec/utils/Array2Iterator-spec.js
FN:3,(anonymous_1)
FN:5,(anonymous_2)
FN:7,(anonymous_3)
FN:12,(anonymous_4)
FN:16,(anonymous_5)
FN:20,(anonymous_6)
FN:24,(anonymous_7)
FN:28,(anonymous_8)
FN:32,(anonymous_9)
FN:36,(anonymous_10)
FN:37,(anonymous_11)
FN:45,(anonymous_12)
FN:46,(anonymous_13)
FN:51,(anonymous_14)
FN:57,(anonymous_15)
FN:58,(anonymous_16)
FN:68,(anonymous_17)
FN:78,(anonymous_18)
FN:79,(anonymous_19)
FNF:19
FNH:19
FNDA:1,(anonymous_1)
FNDA:1,(anonymous_2)
FNDA:6,(anonymous_3)
FNDA:6,(anonymous_4)
FNDA:1,(anonymous_5)
FNDA:1,(anonymous_6)
FNDA:1,(anonymous_7)
FNDA:1,(anonymous_8)
FNDA:1,(anonymous_9)
FNDA:1,(anonymous_10)
FNDA:1,(anonymous_11)
FNDA:1,(anonymous_12)
FNDA:1,(anonymous_13)
FNDA:1,(anonymous_14)
FNDA:1,(anonymous_15)
FNDA:1,(anonymous_16)
FNDA:1,(anonymous_17)
FNDA:1,(anonymous_18)
FNDA:1,(anonymous_19)
DA:1,1
DA:3,1
DA:5,1
DA:7,1
DA:8,6
DA:9,6
DA:12,1
DA:13,6
DA:16,1
DA:17,1
DA:20,1
DA:21,1
DA:24,1
DA:25,1
DA:28,1
DA:29,1
DA:32,1
DA:33,1
DA:36,1
DA:37,1
DA:38,1
DA:41,1
DA:45,1
DA:46,1
DA:47,1
DA:48,1
DA:51,1
DA:52,1
DA:53,1
DA:57,1
DA:58,1
DA:59,1
DA:60,1
DA:62,1
DA:63,1
DA:64,1
DA:68,1
DA:69,1
DA:70,1
DA:72,1
DA:73,1
DA:78,1
DA:79,1
DA:80,1
DA:81,1
DA:83,1
DA:84,1
DA:85,1
DA:87,1
DA:89,1
LF:50
LH:50
BRF:0
BRH:0
end_of_record
TN:
SF:/Users/lucamezzalira/Documents/Haxe/haxe-watchify/src/utils/Array2Iterator.js
FN:3,Array2Iterator
FN:18,nextElement
FN:22,resetIndex
FN:26,hasNextValue
FNF:4
FNH:4
FNDA:13,Array2Iterator
FNDA:9,nextElement
FNDA:1,resetIndex
FNDA:11,hasNextValue
DA:1,1
DA:3,1
DA:4,13
DA:5,2
DA:8,11
DA:9,11
DA:11,11
DA:18,1
DA:19,9
DA:22,1
DA:23,1
DA:26,1
DA:27,11
DA:30,1
LF:14
LH:14
BRDA:4,1,0,2
BRDA:4,1,1,11
BRDA:4,2,0,13
BRDA:4,2,1,12
BRDA:19,3,0,8
BRDA:19,3,1,1
BRF:6
BRH:6
end_of_record
