TN:
SF:/Users/lucamezzalira/Documents/Haxe/haxe-watchify/spec/models/ConfigurationModel-spec.js
FN:3,(anonymous_1)
FN:5,(anonymous_2)
FN:9,(anonymous_3)
FN:13,(anonymous_4)
FN:15,(anonymous_5)
FN:19,(anonymous_6)
FN:23,(anonymous_7)
FN:27,(anonymous_8)
FN:31,(anonymous_9)
FN:35,(anonymous_10)
FN:39,(anonymous_11)
FN:43,(anonymous_12)
FN:47,(anonymous_13)
FN:51,(anonymous_14)
FN:55,(anonymous_15)
FN:59,(anonymous_16)
FN:63,(anonymous_17)
FN:68,(anonymous_18)
FN:70,(anonymous_19)
FN:72,(anonymous_20)
FN:78,(anonymous_21)
FN:80,(anonymous_22)
FN:86,(anonymous_23)
FN:88,(anonymous_24)
FN:94,(anonymous_25)
FN:96,(anonymous_26)
FN:104,(anonymous_27)
FN:106,(anonymous_28)
FN:117,(anonymous_29)
FN:126,(anonymous_30)
FN:128,(anonymous_31)
FN:139,(anonymous_32)
FN:152,(anonymous_33)
FN:154,(anonymous_34)
FN:168,(anonymous_35)
FN:178,(anonymous_36)
FN:180,(anonymous_37)
FN:191,(anonymous_38)
FN:202,(anonymous_39)
FN:204,(anonymous_40)
FN:215,(anonymous_41)
FN:226,(anonymous_42)
FN:228,(anonymous_43)
FN:241,(anonymous_44)
FN:251,(anonymous_45)
FN:253,(anonymous_46)
FN:264,(anonymous_47)
FN:274,(anonymous_48)
FN:288,(anonymous_49)
FN:290,(anonymous_50)
FN:302,(anonymous_51)
FN:312,(anonymous_52)
FN:314,(anonymous_53)
FN:326,(anonymous_54)
FN:337,(anonymous_55)
FN:339,(anonymous_56)
FN:351,(anonymous_57)
FNF:57
FNH:57
FNDA:1,(anonymous_1)
FNDA:38,(anonymous_2)
FNDA:38,(anonymous_3)
FNDA:1,(anonymous_4)
FNDA:1,(anonymous_5)
FNDA:1,(anonymous_6)
FNDA:1,(anonymous_7)
FNDA:1,(anonymous_8)
FNDA:1,(anonymous_9)
FNDA:1,(anonymous_10)
FNDA:1,(anonymous_11)
FNDA:1,(anonymous_12)
FNDA:1,(anonymous_13)
FNDA:1,(anonymous_14)
FNDA:1,(anonymous_15)
FNDA:1,(anonymous_16)
FNDA:1,(anonymous_17)
FNDA:1,(anonymous_18)
FNDA:1,(anonymous_19)
FNDA:1,(anonymous_20)
FNDA:1,(anonymous_21)
FNDA:1,(anonymous_22)
FNDA:1,(anonymous_23)
FNDA:1,(anonymous_24)
FNDA:1,(anonymous_25)
FNDA:1,(anonymous_26)
FNDA:1,(anonymous_27)
FNDA:1,(anonymous_28)
FNDA:1,(anonymous_29)
FNDA:1,(anonymous_30)
FNDA:1,(anonymous_31)
FNDA:1,(anonymous_32)
FNDA:1,(anonymous_33)
FNDA:1,(anonymous_34)
FNDA:1,(anonymous_35)
FNDA:1,(anonymous_36)
FNDA:1,(anonymous_37)
FNDA:1,(anonymous_38)
FNDA:1,(anonymous_39)
FNDA:1,(anonymous_40)
FNDA:1,(anonymous_41)
FNDA:1,(anonymous_42)
FNDA:1,(anonymous_43)
FNDA:1,(anonymous_44)
FNDA:1,(anonymous_45)
FNDA:1,(anonymous_46)
FNDA:1,(anonymous_47)
FNDA:1,(anonymous_48)
FNDA:1,(anonymous_49)
FNDA:1,(anonymous_50)
FNDA:1,(anonymous_51)
FNDA:1,(anonymous_52)
FNDA:1,(anonymous_53)
FNDA:1,(anonymous_54)
FNDA:1,(anonymous_55)
FNDA:1,(anonymous_56)
FNDA:1,(anonymous_57)
DA:1,1
DA:3,1
DA:5,1
DA:6,38
DA:9,1
DA:10,38
DA:13,1
DA:15,1
DA:16,1
DA:19,1
DA:20,1
DA:23,1
DA:24,1
DA:27,1
DA:28,1
DA:31,1
DA:32,1
DA:35,1
DA:36,1
DA:39,1
DA:40,1
DA:43,1
DA:44,1
DA:47,1
DA:48,1
DA:51,1
DA:52,1
DA:55,1
DA:56,1
DA:59,1
DA:60,1
DA:63,1
DA:64,1
DA:68,1
DA:70,1
DA:71,1
DA:72,1
DA:73,1
DA:75,1
DA:78,1
DA:79,1
DA:80,1
DA:81,1
DA:83,1
DA:86,1
DA:87,1
DA:88,1
DA:89,1
DA:91,1
DA:94,1
DA:95,1
DA:96,1
DA:97,1
DA:100,1
DA:104,1
DA:106,1
DA:107,1
DA:108,1
DA:114,1
DA:117,1
DA:118,1
DA:119,1
DA:122,1
DA:126,1
DA:128,1
DA:129,1
DA:130,1
DA:136,1
DA:139,1
DA:140,1
DA:141,1
DA:142,1
DA:148,1
DA:152,1
DA:154,1
DA:155,1
DA:159,1
DA:165,1
DA:168,1
DA:169,1
DA:174,1
DA:178,1
DA:180,1
DA:181,1
DA:182,1
DA:188,1
DA:191,1
DA:192,1
DA:193,1
DA:198,1
DA:202,1
DA:204,1
DA:205,1
DA:206,1
DA:212,1
DA:215,1
DA:216,1
DA:217,1
DA:222,1
DA:226,1
DA:228,1
DA:229,1
DA:230,1
DA:236,1
DA:237,1
DA:238,1
DA:241,1
DA:242,1
DA:247,1
DA:251,1
DA:253,1
DA:254,1
DA:255,1
DA:261,1
DA:264,1
DA:265,1
DA:266,1
DA:271,1
DA:274,1
DA:275,1
DA:276,1
DA:277,1
DA:284,1
DA:288,1
DA:290,1
DA:291,1
DA:292,1
DA:298,1
DA:299,1
DA:302,1
DA:303,1
DA:308,1
DA:312,1
DA:314,1
DA:315,1
DA:316,1
DA:322,1
DA:323,1
DA:326,1
DA:327,1
DA:328,1
DA:333,1
DA:337,1
DA:339,1
DA:340,1
DA:341,1
DA:347,1
DA:348,1
DA:351,1
DA:352,1
DA:357,1
LF:151
LH:151
BRF:0
BRH:0
end_of_record
TN:
SF:/Users/lucamezzalira/Documents/Haxe/haxe-watchify/src/models/ConfigurationModel.js
FN:12,ConfigurationModel
FN:32,getMonitorType
FN:36,getLivereloadPath
FN:40,getSrcPath
FN:44,getBuildType
FN:51,getCmdCommand
FN:55,getParameters
FN:59,getHXMLFile
FN:67,getCompiler
FN:71,getServerPort
FN:75,getOpenFLPlatforms
FN:79,getProgramDefined
FN:83,setRawData
FNF:13
FNH:12
FNDA:38,ConfigurationModel
FNDA:3,getMonitorType
FNDA:3,getLivereloadPath
FNDA:3,getSrcPath
FNDA:3,getBuildType
FNDA:0,getCmdCommand
FNDA:2,getParameters
FNDA:2,getHXMLFile
FNDA:2,getCompiler
FNDA:2,getServerPort
FNDA:4,getOpenFLPlatforms
FNDA:2,getProgramDefined
FNDA:25,setRawData
DA:1,1
DA:2,1
DA:4,1
DA:5,1
DA:6,1
DA:7,1
DA:8,1
DA:9,1
DA:10,1
DA:12,1
DA:14,38
DA:16,38
DA:32,1
DA:33,3
DA:36,1
DA:37,3
DA:40,1
DA:41,3
DA:44,1
DA:45,3
DA:46,3
DA:47,1
DA:48,3
DA:51,1
DA:52,0
DA:55,1
DA:56,2
DA:59,1
DA:60,2
DA:61,1
DA:64,1
DA:67,1
DA:68,2
DA:71,1
DA:72,2
DA:75,1
DA:76,4
DA:79,1
DA:80,2
DA:83,1
DA:84,25
DA:85,1
DA:88,24
DA:89,2
DA:92,22
DA:94,22
DA:97,1
LF:47
LH:46
BRDA:41,1,0,3
BRDA:41,1,1,1
BRDA:45,2,0,3
BRDA:45,2,1,1
BRDA:46,3,0,1
BRDA:46,3,1,2
BRDA:60,4,0,1
BRDA:60,4,1,1
BRDA:68,5,0,2
BRDA:68,5,1,1
BRDA:72,6,0,2
BRDA:72,6,1,1
BRDA:76,7,0,4
BRDA:76,7,1,1
BRDA:80,8,0,2
BRDA:80,8,1,1
BRDA:84,9,0,1
BRDA:84,9,1,24
BRDA:88,10,0,2
BRDA:88,10,1,22
BRDA:88,11,0,24
BRDA:88,11,1,23
BRF:22
BRH:22
end_of_record
TN:
SF:/Users/lucamezzalira/Documents/Haxe/haxe-watchify/src/notifications/EventHub.js
FN:3,EventHub
FNF:1
FNH:1
FNDA:1,EventHub
DA:1,1
DA:3,1
DA:4,1
DA:5,1
DA:7,1
DA:10,1
LF:6
LH:6
BRF:0
BRH:0
end_of_record
TN:
SF:/Users/lucamezzalira/Documents/Haxe/haxe-watchify/src/notifications/ConfigurationNotifications.js
FNF:0
FNH:0
DA:1,1
LF:1
LH:1
BRF:0
BRH:0
end_of_record
TN:
SF:/Users/lucamezzalira/Documents/Haxe/haxe-watchify/spec/modules/ArgsParser-spec.js
FN:5,(anonymous_1)
FN:8,(anonymous_2)
FN:10,(anonymous_3)
FN:17,(anonymous_4)
FN:21,(anonymous_5)
FN:23,(anonymous_6)
FN:27,(anonymous_7)
FN:32,(anonymous_8)
FN:35,(anonymous_9)
FN:48,(anonymous_10)
FN:52,(anonymous_11)
FN:56,(anonymous_12)
FN:58,(anonymous_13)
FN:64,(anonymous_14)
FN:69,(anonymous_15)
FN:71,(anonymous_16)
FN:83,(anonymous_17)
FN:88,(anonymous_18)
FN:90,(anonymous_19)
FN:102,(anonymous_20)
FN:107,(anonymous_21)
FN:109,(anonymous_22)
FN:123,(anonymous_23)
FN:128,(anonymous_24)
FN:130,(anonymous_25)
FN:145,(anonymous_26)
FNF:26
FNH:25
FNDA:1,(anonymous_1)
FNDA:9,(anonymous_2)
FNDA:0,(anonymous_3)
FNDA:9,(anonymous_4)
FNDA:1,(anonymous_5)
FNDA:1,(anonymous_6)
FNDA:1,(anonymous_7)
FNDA:1,(anonymous_8)
FNDA:7,(anonymous_9)
FNDA:1,(anonymous_10)
FNDA:1,(anonymous_11)
FNDA:1,(anonymous_12)
FNDA:1,(anonymous_13)
FNDA:1,(anonymous_14)
FNDA:1,(anonymous_15)
FNDA:1,(anonymous_16)
FNDA:1,(anonymous_17)
FNDA:1,(anonymous_18)
FNDA:1,(anonymous_19)
FNDA:1,(anonymous_20)
FNDA:1,(anonymous_21)
FNDA:1,(anonymous_22)
FNDA:1,(anonymous_23)
FNDA:1,(anonymous_24)
FNDA:1,(anonymous_25)
FNDA:1,(anonymous_26)
DA:1,1
DA:2,1
DA:3,1
DA:5,1
DA:6,1
DA:8,1
DA:9,9
DA:14,9
DA:17,1
DA:18,9
DA:21,1
DA:23,1
DA:24,1
DA:27,1
DA:28,1
DA:32,1
DA:33,1
DA:35,1
DA:36,7
DA:38,7
DA:45,7
DA:48,1
DA:49,1
DA:52,1
DA:53,1
DA:56,1
DA:58,1
DA:59,1
DA:60,1
DA:61,1
DA:64,1
DA:65,1
DA:69,1
DA:71,1
DA:72,1
DA:74,1
DA:79,1
DA:80,1
DA:83,1
DA:84,1
DA:88,1
DA:90,1
DA:91,1
DA:93,1
DA:98,1
DA:99,1
DA:102,1
DA:103,1
DA:107,1
DA:109,1
DA:110,1
DA:112,1
DA:119,1
DA:120,1
DA:123,1
DA:124,1
DA:128,1
DA:130,1
DA:131,1
DA:133,1
DA:141,1
DA:142,1
DA:145,1
DA:146,1
LF:64
LH:64
BRF:0
BRH:0
end_of_record
TN:
SF:/Users/lucamezzalira/Documents/Haxe/haxe-watchify/src/modules/ArgsParser.js
FN:10,ArgsParser
FN:18,parse
FN:44,splitPlatforms
FN:48,popolateModel
FN:67,isHaxeBuildDefined
FN:71,isOpenFLBuildDefined
FNF:6
FNH:5
FNDA:14,ArgsParser
FNDA:5,parse
FNDA:9,splitPlatforms
FNDA:0,popolateModel
FNDA:5,isHaxeBuildDefined
FNDA:5,isOpenFLBuildDefined
DA:1,1
DA:2,1
DA:3,1
DA:4,1
DA:5,1
DA:6,1
DA:8,1
DA:10,1
DA:11,14
DA:13,14
DA:18,1
DA:19,5
DA:20,5
DA:21,1
DA:24,5
DA:37,5
DA:38,5
DA:40,0
DA:44,1
DA:45,9
DA:48,1
DA:49,0
DA:64,0
DA:67,1
DA:68,5
DA:71,1
DA:72,5
DA:75,1
LF:28
LH:25
BRDA:20,1,0,1
BRDA:20,1,1,4
BRDA:37,2,0,5
BRDA:37,2,1,0
BRDA:37,3,0,5
BRDA:37,3,1,5
BRDA:68,4,0,5
BRDA:68,4,1,4
BRDA:72,5,0,5
BRDA:72,5,1,1
BRF:10
BRH:9
end_of_record
TN:
SF:/Users/lucamezzalira/Documents/Haxe/haxe-watchify/src/messages/ConsoleMessages.js
FNF:0
FNH:0
DA:1,1
LF:1
LH:1
BRF:0
BRH:0
end_of_record
TN:
SF:/Users/lucamezzalira/Documents/Haxe/haxe-watchify/spec/utils/Array2Iterator-spec.js
FN:3,(anonymous_1)
FN:5,(anonymous_2)
FN:7,(anonymous_3)
FN:12,(anonymous_4)
FN:16,(anonymous_5)
FN:20,(anonymous_6)
FN:24,(anonymous_7)
FN:28,(anonymous_8)
FN:32,(anonymous_9)
FN:36,(anonymous_10)
FN:37,(anonymous_11)
FN:45,(anonymous_12)
FN:46,(anonymous_13)
FN:51,(anonymous_14)
FN:57,(anonymous_15)
FN:58,(anonymous_16)
FN:68,(anonymous_17)
FN:78,(anonymous_18)
FN:79,(anonymous_19)
FNF:19
FNH:19
FNDA:1,(anonymous_1)
FNDA:1,(anonymous_2)
FNDA:6,(anonymous_3)
FNDA:6,(anonymous_4)
FNDA:1,(anonymous_5)
FNDA:1,(anonymous_6)
FNDA:1,(anonymous_7)
FNDA:1,(anonymous_8)
FNDA:1,(anonymous_9)
FNDA:1,(anonymous_10)
FNDA:1,(anonymous_11)
FNDA:1,(anonymous_12)
FNDA:1,(anonymous_13)
FNDA:1,(anonymous_14)
FNDA:1,(anonymous_15)
FNDA:1,(anonymous_16)
FNDA:1,(anonymous_17)
FNDA:1,(anonymous_18)
FNDA:1,(anonymous_19)
DA:1,1
DA:3,1
DA:5,1
DA:7,1
DA:8,6
DA:9,6
DA:12,1
DA:13,6
DA:16,1
DA:17,1
DA:20,1
DA:21,1
DA:24,1
DA:25,1
DA:28,1
DA:29,1
DA:32,1
DA:33,1
DA:36,1
DA:37,1
DA:38,1
DA:41,1
DA:45,1
DA:46,1
DA:47,1
DA:48,1
DA:51,1
DA:52,1
DA:53,1
DA:57,1
DA:58,1
DA:59,1
DA:60,1
DA:62,1
DA:63,1
DA:64,1
DA:68,1
DA:69,1
DA:70,1
DA:72,1
DA:73,1
DA:78,1
DA:79,1
DA:80,1
DA:81,1
DA:83,1
DA:84,1
DA:85,1
DA:87,1
DA:89,1
LF:50
LH:50
BRF:0
BRH:0
end_of_record
TN:
SF:/Users/lucamezzalira/Documents/Haxe/haxe-watchify/src/utils/Array2Iterator.js
FN:3,Array2Iterator
FN:18,nextElement
FN:22,resetIndex
FN:26,hasNextValue
FNF:4
FNH:4
FNDA:13,Array2Iterator
FNDA:9,nextElement
FNDA:1,resetIndex
FNDA:11,hasNextValue
DA:1,1
DA:3,1
DA:4,13
DA:5,2
DA:8,11
DA:9,11
DA:11,11
DA:18,1
DA:19,9
DA:22,1
DA:23,1
DA:26,1
DA:27,11
DA:30,1
LF:14
LH:14
BRDA:4,1,0,2
BRDA:4,1,1,11
BRDA:4,2,0,13
BRDA:4,2,1,12
BRDA:19,3,0,8
BRDA:19,3,1,1
BRF:6
BRH:6
end_of_record
